


          SolidWorks Corporation - STEP Processor Error Log
          ______________________________________________________

                       STEP Post Processor
                       ___________________


STEP File Name: C:\Users\keigo\Documents\01_Private\01_Work\03_modular_robot\01_CAD\modular\motor\XL,XC-330.stp


ｻｰﾌｪｽのｿﾘｯﾄﾞﾎﾞﾃﾞｨへのﾌﾟﾛｾｽに成功しました。
STEP-in 完了。(completed.)ｻｰﾌｪｽのｿﾘｯﾄﾞﾎﾞﾃﾞｨへのﾌﾟﾛｾｽに成功しました。
STEP-in 完了。(completed.)ｻｰﾌｪｽのｿﾘｯﾄﾞﾎﾞﾃﾞｨへのﾌﾟﾛｾｽに成功しました。
STEP-in 完了。(completed.)ｻｰﾌｪｽのｿﾘｯﾄﾞﾎﾞﾃﾞｨへのﾌﾟﾛｾｽに成功しました。
STEP-in 完了。(completed.)ｻｰﾌｪｽのｿﾘｯﾄﾞﾎﾞﾃﾞｨへのﾌﾟﾛｾｽに成功しました。
STEP-in 完了。(completed.)ｻｰﾌｪｽのｿﾘｯﾄﾞﾎﾞﾃﾞｨへのﾌﾟﾛｾｽに成功しました。
STEP-in 完了。(completed.)ｻｰﾌｪｽのｿﾘｯﾄﾞﾎﾞﾃﾞｨへのﾌﾟﾛｾｽに成功しました。
STEP-in 完了。(completed.)
Error: ﾄﾘﾑ ｻｰﾌｪｽからｿﾘｯﾄﾞを作成できません。
STEP-in 失敗。(did not complete successfully.)
ｻｰﾌｪｽのｿﾘｯﾄﾞﾎﾞﾃﾞｨへのﾌﾟﾛｾｽに成功しました。
STEP-in 完了。(completed.)
Error: ﾄﾘﾑ ｻｰﾌｪｽからｿﾘｯﾄﾞを作成できません。
STEP-in 失敗。(did not complete successfully.)
ｻｰﾌｪｽのｿﾘｯﾄﾞﾎﾞﾃﾞｨへのﾌﾟﾛｾｽに成功しました。
STEP-in 完了。(completed.)ｻｰﾌｪｽのｿﾘｯﾄﾞﾎﾞﾃﾞｨへのﾌﾟﾛｾｽに成功しました。
STEP-in 完了。(completed.)ｻｰﾌｪｽのｿﾘｯﾄﾞﾎﾞﾃﾞｨへのﾌﾟﾛｾｽに成功しました。
STEP-in 完了。(completed.)ｻｰﾌｪｽのｿﾘｯﾄﾞﾎﾞﾃﾞｨへのﾌﾟﾛｾｽに成功しました。
STEP-in 完了。(completed.)